0 info it worked if it ends with ok
1 verbose cli [ 'C:\\Program Files\\nodejs\\node.exe',
1 verbose cli   'C:\\Program Files\\nodejs\\node_modules\\npm\\bin\\npm-cli.js',
1 verbose cli   'run',
1 verbose cli   'debug:windows' ]
2 info using npm@3.10.3
3 info using node@v6.3.0
4 verbose run-script [ 'predebug:windows', 'debug:windows', 'postdebug:windows' ]
5 info lifecycle cerebro-brickset@0.0.1~predebug:windows: cerebro-brickset@0.0.1
6 silly lifecycle cerebro-brickset@0.0.1~predebug:windows: no script for predebug:windows, continuing
7 info lifecycle cerebro-brickset@0.0.1~debug:windows: cerebro-brickset@0.0.1
8 verbose lifecycle cerebro-brickset@0.0.1~debug:windows: unsafe-perm in lifecycle true
9 verbose lifecycle cerebro-brickset@0.0.1~debug:windows: PATH: C:\Program Files\nodejs\node_modules\npm\bin\node-gyp-bin;E:\Work\cerebro-brickset\node_modules\.bin;C:\Program Files\nodejs;C:\Python27\;C:\Python27\Scripts;C:\ProgramData\Oracle\Java\javapath;C:\WINDOWS\system32;C:\WINDOWS;C:\WINDOWS\System32\Wbem;C:\WINDOWS\System32\WindowsPowerShell\v1.0\;C:\Program Files (x86)\Skype\Phone\;C:\Program Files (x86)\PuTTY\;C:\Program Files\Git\cmd;C:\Program Files\Git\mingw64\bin;C:\Program Files\Git\usr\bin;C:\xampp\php;C:\ProgramData\ComposerSetup\bin;C:\Program Files\nodejs\;C:\Program Files\Microsoft SQL Server\110\Tools\Binn\;C:\Program Files (x86)\Microsoft SDKs\TypeScript\1.0\;C:\Program Files\Microsoft SQL Server\120\Tools\Binn\;C:\Program Files\Calibre2\;C:\Program Files\TortoiseSVN\bin;C:\Program Files\VideoLAN\VLC;C:\Program Files (x86)\Yarn\bin;C:\Ruby23-x64\bin;C:\Users\bolint\AppData\Roaming\Composer\vendor\bin;C:\Users\bolint\AppData\Roaming\npm;C:\Users\bolint\AppData\Local\atom\bin;C:\Users\bolint\AppData\Local\Microsoft\WindowsApps;C:\Users\bolint\AppData\Local\Yarn\.bin
10 verbose lifecycle cerebro-brickset@0.0.1~debug:windows: CWD: E:\Work\cerebro-brickset
11 silly lifecycle cerebro-brickset@0.0.1~debug:windows: Args: [ '/d /s /c', 'scripts\\debug.bat' ]
12 silly lifecycle cerebro-brickset@0.0.1~debug:windows: Returned: code: 255  signal: null
13 info lifecycle cerebro-brickset@0.0.1~debug:windows: Failed to exec debug:windows script
14 verbose stack Error: cerebro-brickset@0.0.1 debug:windows: `scripts\debug.bat`
14 verbose stack Exit status 255
14 verbose stack     at EventEmitter.<anonymous> (C:\Program Files\nodejs\node_modules\npm\lib\utils\lifecycle.js:242:16)
14 verbose stack     at emitTwo (events.js:106:13)
14 verbose stack     at EventEmitter.emit (events.js:191:7)
14 verbose stack     at ChildProcess.<anonymous> (C:\Program Files\nodejs\node_modules\npm\lib\utils\spawn.js:40:14)
14 verbose stack     at emitTwo (events.js:106:13)
14 verbose stack     at ChildProcess.emit (events.js:191:7)
14 verbose stack     at maybeClose (internal/child_process.js:852:16)
14 verbose stack     at Process.ChildProcess._handle.onexit (internal/child_process.js:215:5)
15 verbose pkgid cerebro-brickset@0.0.1
16 verbose cwd E:\Work\cerebro-brickset
17 error Windows_NT 10.0.14393
18 error argv "C:\\Program Files\\nodejs\\node.exe" "C:\\Program Files\\nodejs\\node_modules\\npm\\bin\\npm-cli.js" "run" "debug:windows"
19 error node v6.3.0
20 error npm  v3.10.3
21 error code ELIFECYCLE
22 error cerebro-brickset@0.0.1 debug:windows: `scripts\debug.bat`
22 error Exit status 255
23 error Failed at the cerebro-brickset@0.0.1 debug:windows script 'scripts\debug.bat'.
23 error Make sure you have the latest version of node.js and npm installed.
23 error If you do, this is most likely a problem with the cerebro-brickset package,
23 error not with npm itself.
23 error Tell the author that this fails on your system:
23 error     scripts\debug.bat
23 error You can get information on how to open an issue for this project with:
23 error     npm bugs cerebro-brickset
23 error Or if that isn't available, you can get their info via:
23 error     npm owner ls cerebro-brickset
23 error There is likely additional logging output above.
24 verbose exit [ 1, true ]
